0 verbose cli C:\Program Files\nodejs\node.exe C:\Program Files\nodejs\node_modules\npm\bin\npm-cli.js
1 info using npm@10.7.0
2 info using node@v20.14.0
3 silly config:load:file:C:\Program Files\nodejs\node_modules\npm\npmrc
4 silly config:load:file:C:\Users\Monish.R\.npmrc
5 silly config:load:file:C:\Users\Monish.R\OneDrive\Desktop\web application\1\medical-consultation-platform\backend\%USERPROFILE%\AppData\Roaming\npm\etc\npmrc
6 verbose title npm init
7 verbose argv "init" "--yes"
8 verbose logfile logs-max:10 dir:C:\Users\Monish.R\OneDrive\Desktop\web application\1\medical-consultation-platform\backend\%USERPROFILE%\AppData\Local\npm-cache\_logs\2024-06-23T03_09_53_340Z-
9 verbose logfile C:\Users\Monish.R\OneDrive\Desktop\web application\1\medical-consultation-platform\backend\%USERPROFILE%\AppData\Local\npm-cache\_logs\2024-06-23T03_09_53_340Z-debug-0.log
10 silly logfile done cleaning log files
11 silly package data {
11 silly package data   name: 'backend',
11 silly package data   version: '1.0.0',
11 silly package data   main: 'index.js',
11 silly package data   scripts: { test: 'echo "Error: no test specified" && exit 1' },
11 silly package data   keywords: [],
11 silly package data   author: '',
11 silly package data   license: 'ISC',
11 silly package data   description: ''
11 silly package data }
12 verbose exit 0
13 info ok
