0 verbose cli C:\Program Files\nodejs\node.exe C:\Program Files\nodejs\node_modules\npm\bin\npm-cli.js
1 info using npm@10.7.0
2 info using node@v20.14.0
3 silly config:load:file:C:\Program Files\nodejs\node_modules\npm\npmrc
4 silly config:load:file:C:\Users\Monish.R\OneDrive\Desktop\web application\1\medical-consultation-platform\backend\.npmrc
5 silly config:load:file:C:\Users\Monish.R\.npmrc
6 silly config:load:file:C:\Users\Monish.R\OneDrive\Desktop\web application\1\medical-consultation-platform\backend\%USERPROFILE%\AppData\Roaming\npm\etc\npmrc
7 verbose title npm install nodemon
8 verbose argv "install" "--save-dev" "nodemon"
9 verbose logfile logs-max:10 dir:C:\Users\Monish.R\OneDrive\Desktop\web application\1\medical-consultation-platform\backend\%USERPROFILE%\AppData\Local\npm-cache\_logs\2024-06-23T03_11_40_024Z-
10 verbose logfile C:\Users\Monish.R\OneDrive\Desktop\web application\1\medical-consultation-platform\backend\%USERPROFILE%\AppData\Local\npm-cache\_logs\2024-06-23T03_11_40_024Z-debug-0.log
11 silly logfile done cleaning log files
12 silly idealTree buildDeps
13 silly fetch manifest nodemon@*
14 http fetch GET 200 https://registry.npmjs.org/nodemon 295ms (cache miss)
15 silly placeDep ROOT nodemon@3.1.4 OK for: backend@1.0.0 want: *
16 silly fetch manifest chokidar@^3.5.2
17 silly fetch manifest debug@^4
18 silly fetch manifest ignore-by-default@^1.0.1
19 silly fetch manifest minimatch@^3.1.2
20 silly fetch manifest pstree.remy@^1.1.8
21 silly fetch manifest simple-update-notifier@^2.0.0
22 silly fetch manifest supports-color@^5.5.0
23 silly fetch manifest touch@^3.1.0
24 silly fetch manifest undefsafe@^2.0.5
25 http fetch GET 200 https://registry.npmjs.org/debug 28ms (cache hit)
26 http fetch GET 200 https://registry.npmjs.org/chokidar 99ms (cache miss)
27 http fetch GET 200 https://registry.npmjs.org/minimatch 159ms (cache miss)
28 http fetch GET 200 https://registry.npmjs.org/supports-color 175ms (cache miss)
29 http fetch GET 200 https://registry.npmjs.org/simple-update-notifier 1083ms (cache miss)
30 http fetch GET 200 https://registry.npmjs.org/ignore-by-default 1085ms (cache miss)
31 http fetch GET 200 https://registry.npmjs.org/pstree.remy 1087ms (cache miss)
32 http fetch GET 200 https://registry.npmjs.org/touch 1087ms (cache miss)
33 http fetch GET 200 https://registry.npmjs.org/undefsafe 1087ms (cache miss)
34 silly placeDep ROOT chokidar@3.6.0 OK for: nodemon@3.1.4 want: ^3.5.2
35 silly placeDep node_modules/nodemon debug@4.3.5 OK for: nodemon@3.1.4 want: ^4
36 silly placeDep ROOT ignore-by-default@1.0.1 OK for: nodemon@3.1.4 want: ^1.0.1
37 silly placeDep ROOT minimatch@3.1.2 OK for: nodemon@3.1.4 want: ^3.1.2
38 silly placeDep ROOT pstree.remy@1.1.8 OK for: nodemon@3.1.4 want: ^1.1.8
39 silly placeDep ROOT simple-update-notifier@2.0.0 OK for: nodemon@3.1.4 want: ^2.0.0
40 silly placeDep ROOT supports-color@5.5.0 OK for: nodemon@3.1.4 want: ^5.5.0
41 silly placeDep ROOT touch@3.1.1 OK for: nodemon@3.1.4 want: ^3.1.0
42 silly placeDep ROOT undefsafe@2.0.5 OK for: nodemon@3.1.4 want: ^2.0.5
43 silly fetch manifest anymatch@~3.1.2
44 silly fetch manifest braces@~3.0.2
45 silly fetch manifest glob-parent@~5.1.2
46 silly fetch manifest is-binary-path@~2.1.0
47 silly fetch manifest is-glob@~4.0.1
48 silly fetch manifest normalize-path@~3.0.0
49 silly fetch manifest readdirp@~3.6.0
50 silly fetch manifest fsevents@~2.3.2
51 silly fetch manifest ms@2.1.2
52 silly fetch manifest brace-expansion@^1.1.7
53 silly fetch manifest has-flag@^3.0.0
54 http fetch GET 200 https://registry.npmjs.org/ms 28ms (cache hit)
55 http fetch GET 200 https://registry.npmjs.org/normalize-path 92ms (cache miss)
56 http fetch GET 200 https://registry.npmjs.org/anymatch 99ms (cache miss)
57 http fetch GET 200 https://registry.npmjs.org/is-binary-path 101ms (cache miss)
58 http fetch GET 200 https://registry.npmjs.org/is-glob 102ms (cache miss)
59 http fetch GET 200 https://registry.npmjs.org/braces 106ms (cache miss)
60 http fetch GET 200 https://registry.npmjs.org/glob-parent 108ms (cache miss)
61 http fetch GET 200 https://registry.npmjs.org/readdirp 112ms (cache miss)
62 http fetch GET 200 https://registry.npmjs.org/fsevents 116ms (cache miss)
63 http fetch GET 200 https://registry.npmjs.org/has-flag 142ms (cache miss)
64 http fetch GET 200 https://registry.npmjs.org/brace-expansion 252ms (cache miss)
65 silly placeDep ROOT anymatch@3.1.3 OK for: chokidar@3.6.0 want: ~3.1.2
66 silly placeDep ROOT braces@3.0.3 OK for: chokidar@3.6.0 want: ~3.0.2
67 silly placeDep ROOT fsevents@2.3.3 OK for: chokidar@3.6.0 want: ~2.3.2
68 silly placeDep ROOT glob-parent@5.1.2 OK for: chokidar@3.6.0 want: ~5.1.2
69 silly placeDep ROOT is-binary-path@2.1.0 OK for: chokidar@3.6.0 want: ~2.1.0
70 silly placeDep ROOT is-glob@4.0.3 OK for: chokidar@3.6.0 want: ~4.0.1
71 silly placeDep ROOT normalize-path@3.0.0 OK for: chokidar@3.6.0 want: ~3.0.0
72 silly placeDep ROOT readdirp@3.6.0 OK for: chokidar@3.6.0 want: ~3.6.0
73 silly fetch manifest normalize-path@^3.0.0
74 silly fetch manifest picomatch@^2.0.4
75 silly fetch manifest fill-range@^7.1.1
76 silly fetch manifest is-glob@^4.0.1
77 silly fetch manifest binary-extensions@^2.0.0
78 silly fetch manifest is-extglob@^2.1.1
79 silly fetch manifest picomatch@^2.2.1
80 http fetch GET 200 https://registry.npmjs.org/is-extglob 103ms (cache miss)
81 http fetch GET 200 https://registry.npmjs.org/picomatch 103ms (cache miss)
82 http fetch GET 200 https://registry.npmjs.org/binary-extensions 111ms (cache miss)
83 http fetch GET 200 https://registry.npmjs.org/fill-range 116ms (cache miss)
84 http fetch GET 200 https://registry.npmjs.org/picomatch 124ms (cache miss)
85 silly placeDep ROOT picomatch@2.3.1 OK for: anymatch@3.1.3 want: ^2.0.4
86 silly placeDep ROOT fill-range@7.1.1 OK for: braces@3.0.3 want: ^7.1.1
87 silly fetch manifest to-regex-range@^5.0.1
88 http fetch GET 200 https://registry.npmjs.org/to-regex-range 143ms (cache miss)
89 silly placeDep ROOT to-regex-range@5.0.1 OK for: fill-range@7.1.1 want: ^5.0.1
90 silly fetch manifest is-number@^7.0.0
91 http fetch GET 200 https://registry.npmjs.org/is-number 98ms (cache miss)
92 silly placeDep ROOT binary-extensions@2.3.0 OK for: is-binary-path@2.1.0 want: ^2.0.0
93 silly placeDep ROOT is-extglob@2.1.1 OK for: is-glob@4.0.3 want: ^2.1.1
94 silly placeDep ROOT brace-expansion@1.1.11 OK for: minimatch@3.1.2 want: ^1.1.7
95 silly fetch manifest balanced-match@^1.0.0
96 silly fetch manifest concat-map@0.0.1
97 http fetch GET 200 https://registry.npmjs.org/concat-map 99ms (cache miss)
98 http fetch GET 200 https://registry.npmjs.org/balanced-match 101ms (cache miss)
99 silly placeDep ROOT balanced-match@1.0.2 OK for: brace-expansion@1.1.11 want: ^1.0.0
100 silly placeDep ROOT concat-map@0.0.1 OK for: brace-expansion@1.1.11 want: 0.0.1
101 silly placeDep ROOT has-flag@3.0.0 OK for: supports-color@5.5.0 want: ^3.0.0
102 silly placeDep ROOT is-number@7.0.0 OK for: to-regex-range@5.0.1 want: ^7.0.0
103 silly placeDep node_modules/nodemon ms@2.1.2 OK for: debug@4.3.5 want: 2.1.2
104 silly reify moves {}
105 silly audit bulk request {
105 silly audit   '@mongodb-js/saslprep': [ '1.1.7' ],
105 silly audit   '@types/webidl-conversions': [ '7.0.3' ],
105 silly audit   '@types/whatwg-url': [ '11.0.5' ],
105 silly audit   accepts: [ '1.3.8' ],
105 silly audit   'array-flatten': [ '1.1.1' ],
105 silly audit   bcryptjs: [ '2.4.3' ],
105 silly audit   'body-parser': [ '1.20.2' ],
105 silly audit   bson: [ '6.7.0' ],
105 silly audit   'buffer-equal-constant-time': [ '1.0.1' ],
105 silly audit   bytes: [ '3.1.2' ],
105 silly audit   'call-bind': [ '1.0.7' ],
105 silly audit   'content-disposition': [ '0.5.4' ],
105 silly audit   'content-type': [ '1.0.5' ],
105 silly audit   cookie: [ '0.6.0' ],
105 silly audit   'cookie-signature': [ '1.0.6' ],
105 silly audit   debug: [ '2.6.9', '4.3.5' ],
105 silly audit   'define-data-property': [ '1.1.4' ],
105 silly audit   depd: [ '2.0.0' ],
105 silly audit   destroy: [ '1.2.0' ],
105 silly audit   dotenv: [ '16.4.5' ],
105 silly audit   'ecdsa-sig-formatter': [ '1.0.11' ],
105 silly audit   'ee-first': [ '1.1.1' ],
105 silly audit   encodeurl: [ '1.0.2' ],
105 silly audit   'es-define-property': [ '1.0.0' ],
105 silly audit   'es-errors': [ '1.3.0' ],
105 silly audit   'escape-html': [ '1.0.3' ],
105 silly audit   etag: [ '1.8.1' ],
105 silly audit   express: [ '4.19.2' ],
105 silly audit   finalhandler: [ '1.2.0' ],
105 silly audit   forwarded: [ '0.2.0' ],
105 silly audit   fresh: [ '0.5.2' ],
105 silly audit   'function-bind': [ '1.1.2' ],
105 silly audit   'get-intrinsic': [ '1.2.4' ],
105 silly audit   gopd: [ '1.0.1' ],
105 silly audit   'has-property-descriptors': [ '1.0.2' ],
105 silly audit   'has-proto': [ '1.0.3' ],
105 silly audit   'has-symbols': [ '1.0.3' ],
105 silly audit   hasown: [ '2.0.2' ],
105 silly audit   'http-errors': [ '2.0.0' ],
105 silly audit   'iconv-lite': [ '0.4.24' ],
105 silly audit   inherits: [ '2.0.4' ],
105 silly audit   'ipaddr.js': [ '1.9.1' ],
105 silly audit   jsonwebtoken: [ '9.0.2' ],
105 silly audit   ms: [ '2.1.3', '2.1.2', '2.0.0' ],
105 silly audit   jwa: [ '1.4.1' ],
105 silly audit   jws: [ '3.2.2' ],
105 silly audit   kareem: [ '2.6.3' ],
105 silly audit   'lodash.includes': [ '4.3.0' ],
105 silly audit   'lodash.isboolean': [ '3.0.3' ],
105 silly audit   'lodash.isinteger': [ '4.0.4' ],
105 silly audit   'lodash.isnumber': [ '3.0.3' ],
105 silly audit   'lodash.isplainobject': [ '4.0.6' ],
105 silly audit   'lodash.isstring': [ '4.0.1' ],
105 silly audit   'lodash.once': [ '4.1.1' ],
105 silly audit   'media-typer': [ '0.3.0' ],
105 silly audit   'memory-pager': [ '1.5.0' ],
105 silly audit   'merge-descriptors': [ '1.0.1' ],
105 silly audit   methods: [ '1.1.2' ],
105 silly audit   mime: [ '1.6.0' ],
105 silly audit   'mime-db': [ '1.52.0' ],
105 silly audit   'mime-types': [ '2.1.35' ],
105 silly audit   mongodb: [ '6.6.2' ],
105 silly audit   'mongodb-connection-string-url': [ '3.0.1' ],
105 silly audit   mongoose: [ '8.4.3' ],
105 silly audit   mpath: [ '0.9.0' ],
105 silly audit   mquery: [ '5.0.0' ],
105 silly audit   negotiator: [ '0.6.3' ],
105 silly audit   'object-inspect': [ '1.13.2' ],
105 silly audit   'on-finished': [ '2.4.1' ],
105 silly audit   parseurl: [ '1.3.3' ],
105 silly audit   'path-to-regexp': [ '0.1.7' ],
105 silly audit   'proxy-addr': [ '2.0.7' ],
105 silly audit   punycode: [ '2.3.1' ],
105 silly audit   qs: [ '6.11.0' ],
105 silly audit   'range-parser': [ '1.2.1' ],
105 silly audit   'raw-body': [ '2.5.2' ],
105 silly audit   'safe-buffer': [ '5.2.1' ],
105 silly audit   'safer-buffer': [ '2.1.2' ],
105 silly audit   semver: [ '7.6.2' ],
105 silly audit   send: [ '0.18.0' ],
105 silly audit   'serve-static': [ '1.15.0' ],
105 silly audit   'set-function-length': [ '1.2.2' ],
105 silly audit   setprototypeof: [ '1.2.0' ],
105 silly audit   'side-channel': [ '1.0.6' ],
105 silly audit   sift: [ '17.1.3' ],
105 silly audit   'sparse-bitfield': [ '3.0.3' ],
105 silly audit   statuses: [ '2.0.1' ],
105 silly audit   toidentifier: [ '1.0.1' ],
105 silly audit   tr46: [ '4.1.1' ],
105 silly audit   'type-is': [ '1.6.18' ],
105 silly audit   unpipe: [ '1.0.0' ],
105 silly audit   'utils-merge': [ '1.0.1' ],
105 silly audit   vary: [ '1.1.2' ],
105 silly audit   'webidl-conversions': [ '7.0.0' ],
105 silly audit   'whatwg-url': [ '13.0.0' ],
105 silly audit   nodemon: [ '3.1.4' ],
105 silly audit   chokidar: [ '3.6.0' ],
105 silly audit   'ignore-by-default': [ '1.0.1' ],
105 silly audit   minimatch: [ '3.1.2' ],
105 silly audit   'pstree.remy': [ '1.1.8' ],
105 silly audit   'simple-update-notifier': [ '2.0.0' ],
105 silly audit   'supports-color': [ '5.5.0' ],
105 silly audit   touch: [ '3.1.1' ],
105 silly audit   undefsafe: [ '2.0.5' ],
105 silly audit   anymatch: [ '3.1.3' ],
105 silly audit   braces: [ '3.0.3' ],
105 silly audit   fsevents: [ '2.3.3' ],
105 silly audit   'glob-parent': [ '5.1.2' ],
105 silly audit   'is-binary-path': [ '2.1.0' ],
105 silly audit   'is-glob': [ '4.0.3' ],
105 silly audit   'normalize-path': [ '3.0.0' ],
105 silly audit   readdirp: [ '3.6.0' ],
105 silly audit   picomatch: [ '2.3.1' ],
105 silly audit   'fill-range': [ '7.1.1' ],
105 silly audit   'to-regex-range': [ '5.0.1' ],
105 silly audit   'binary-extensions': [ '2.3.0' ],
105 silly audit   'is-extglob': [ '2.1.1' ],
105 silly audit   'brace-expansion': [ '1.1.11' ],
105 silly audit   'balanced-match': [ '1.0.2' ],
105 silly audit   'concat-map': [ '0.0.1' ],
105 silly audit   'has-flag': [ '3.0.0' ],
105 silly audit   'is-number': [ '7.0.0' ]
105 silly audit }
106 verbose reify failed optional dependency C:\Users\Monish.R\OneDrive\Desktop\web application\1\medical-consultation-platform\backend\node_modules\fsevents
107 silly reify mark deleted [
107 silly reify   'C:\\Users\\Monish.R\\OneDrive\\Desktop\\web application\\1\\medical-consultation-platform\\backend\\node_modules\\fsevents'
107 silly reify ]
108 silly tarball no local data for is-number@https://registry.npmjs.org/is-number/-/is-number-7.0.0.tgz. Extracting by manifest.
109 silly tarball no local data for has-flag@https://registry.npmjs.org/has-flag/-/has-flag-3.0.0.tgz. Extracting by manifest.
110 silly tarball no local data for concat-map@https://registry.npmjs.org/concat-map/-/concat-map-0.0.1.tgz. Extracting by manifest.
111 silly tarball no local data for binary-extensions@https://registry.npmjs.org/binary-extensions/-/binary-extensions-2.3.0.tgz. Extracting by manifest.
112 silly tarball no local data for to-regex-range@https://registry.npmjs.org/to-regex-range/-/to-regex-range-5.0.1.tgz. Extracting by manifest.
113 silly tarball no local data for is-extglob@https://registry.npmjs.org/is-extglob/-/is-extglob-2.1.1.tgz. Extracting by manifest.
114 silly tarball no local data for balanced-match@https://registry.npmjs.org/balanced-match/-/balanced-match-1.0.2.tgz. Extracting by manifest.
115 silly tarball no local data for brace-expansion@https://registry.npmjs.org/brace-expansion/-/brace-expansion-1.1.11.tgz. Extracting by manifest.
116 silly tarball no local data for fill-range@https://registry.npmjs.org/fill-range/-/fill-range-7.1.1.tgz. Extracting by manifest.
117 silly tarball no local data for picomatch@https://registry.npmjs.org/picomatch/-/picomatch-2.3.1.tgz. Extracting by manifest.
118 silly tarball no local data for normalize-path@https://registry.npmjs.org/normalize-path/-/normalize-path-3.0.0.tgz. Extracting by manifest.
119 silly tarball no local data for is-glob@https://registry.npmjs.org/is-glob/-/is-glob-4.0.3.tgz. Extracting by manifest.
120 silly tarball no local data for is-binary-path@https://registry.npmjs.org/is-binary-path/-/is-binary-path-2.1.0.tgz. Extracting by manifest.
121 silly tarball no local data for glob-parent@https://registry.npmjs.org/glob-parent/-/glob-parent-5.1.2.tgz. Extracting by manifest.
122 silly tarball no local data for readdirp@https://registry.npmjs.org/readdirp/-/readdirp-3.6.0.tgz. Extracting by manifest.
123 silly tarball no local data for braces@https://registry.npmjs.org/braces/-/braces-3.0.3.tgz. Extracting by manifest.
124 silly tarball no local data for anymatch@https://registry.npmjs.org/anymatch/-/anymatch-3.1.3.tgz. Extracting by manifest.
125 silly tarball no local data for undefsafe@https://registry.npmjs.org/undefsafe/-/undefsafe-2.0.5.tgz. Extracting by manifest.
126 silly tarball no local data for supports-color@https://registry.npmjs.org/supports-color/-/supports-color-5.5.0.tgz. Extracting by manifest.
127 silly tarball no local data for pstree.remy@https://registry.npmjs.org/pstree.remy/-/pstree.remy-1.1.8.tgz. Extracting by manifest.
128 silly tarball no local data for simple-update-notifier@https://registry.npmjs.org/simple-update-notifier/-/simple-update-notifier-2.0.0.tgz. Extracting by manifest.
129 silly tarball no local data for minimatch@https://registry.npmjs.org/minimatch/-/minimatch-3.1.2.tgz. Extracting by manifest.
130 silly tarball no local data for chokidar@https://registry.npmjs.org/chokidar/-/chokidar-3.6.0.tgz. Extracting by manifest.
131 silly tarball no local data for touch@https://registry.npmjs.org/touch/-/touch-3.1.1.tgz. Extracting by manifest.
132 silly tarball no local data for nodemon@https://registry.npmjs.org/nodemon/-/nodemon-3.1.4.tgz. Extracting by manifest.
133 silly tarball no local data for ignore-by-default@https://registry.npmjs.org/ignore-by-default/-/ignore-by-default-1.0.1.tgz. Extracting by manifest.
134 http fetch GET 200 https://registry.npmjs.org/balanced-match/-/balanced-match-1.0.2.tgz 279ms (cache miss)
135 http fetch GET 200 https://registry.npmjs.org/concat-map/-/concat-map-0.0.1.tgz 284ms (cache miss)
136 http fetch GET 200 https://registry.npmjs.org/has-flag/-/has-flag-3.0.0.tgz 293ms (cache miss)
137 http fetch GET 200 https://registry.npmjs.org/is-extglob/-/is-extglob-2.1.1.tgz 290ms (cache miss)
138 http fetch GET 200 https://registry.npmjs.org/binary-extensions/-/binary-extensions-2.3.0.tgz 299ms (cache miss)
139 http fetch POST 200 https://registry.npmjs.org/-/npm/v1/security/advisories/bulk 333ms
140 silly audit report {}
141 http fetch GET 200 https://registry.npmjs.org/brace-expansion/-/brace-expansion-1.1.11.tgz 304ms (cache miss)
142 http fetch GET 200 https://registry.npmjs.org/is-number/-/is-number-7.0.0.tgz 312ms (cache miss)
143 http fetch GET 200 https://registry.npmjs.org/supports-color/-/supports-color-5.5.0.tgz 299ms (cache miss)
144 http fetch GET 200 https://registry.npmjs.org/anymatch/-/anymatch-3.1.3.tgz 304ms (cache miss)
145 http fetch GET 200 https://registry.npmjs.org/ignore-by-default/-/ignore-by-default-1.0.1.tgz 303ms (cache miss)
146 http fetch GET 200 https://registry.npmjs.org/readdirp/-/readdirp-3.6.0.tgz 313ms (cache miss)
147 http fetch GET 200 https://registry.npmjs.org/minimatch/-/minimatch-3.1.2.tgz 315ms (cache miss)
148 http fetch GET 200 https://registry.npmjs.org/is-binary-path/-/is-binary-path-2.1.0.tgz 323ms (cache miss)
149 http fetch GET 200 https://registry.npmjs.org/touch/-/touch-3.1.1.tgz 317ms (cache miss)
150 http fetch GET 200 https://registry.npmjs.org/normalize-path/-/normalize-path-3.0.0.tgz 328ms (cache miss)
151 http fetch GET 200 https://registry.npmjs.org/fill-range/-/fill-range-7.1.1.tgz 330ms (cache miss)
152 http fetch GET 200 https://registry.npmjs.org/is-glob/-/is-glob-4.0.3.tgz 329ms (cache miss)
153 http fetch GET 200 https://registry.npmjs.org/to-regex-range/-/to-regex-range-5.0.1.tgz 337ms (cache miss)
154 http fetch GET 200 https://registry.npmjs.org/glob-parent/-/glob-parent-5.1.2.tgz 332ms (cache miss)
155 http fetch GET 200 https://registry.npmjs.org/undefsafe/-/undefsafe-2.0.5.tgz 339ms (cache miss)
156 http fetch GET 200 https://registry.npmjs.org/braces/-/braces-3.0.3.tgz 348ms (cache miss)
157 http fetch GET 200 https://registry.npmjs.org/pstree.remy/-/pstree.remy-1.1.8.tgz 348ms (cache miss)
158 http fetch GET 200 https://registry.npmjs.org/chokidar/-/chokidar-3.6.0.tgz 358ms (cache miss)
159 http fetch GET 200 https://registry.npmjs.org/simple-update-notifier/-/simple-update-notifier-2.0.0.tgz 361ms (cache miss)
160 http fetch GET 200 https://registry.npmjs.org/picomatch/-/picomatch-2.3.1.tgz 374ms (cache miss)
161 http fetch GET 200 https://registry.npmjs.org/nodemon/-/nodemon-3.1.4.tgz 411ms (cache miss)
162 silly ADD node_modules/is-number
163 silly ADD node_modules/has-flag
164 silly ADD node_modules/concat-map
165 silly ADD node_modules/balanced-match
166 silly ADD node_modules/brace-expansion
167 silly ADD node_modules/is-extglob
168 silly ADD node_modules/binary-extensions
169 silly ADD node_modules/to-regex-range
170 silly ADD node_modules/fill-range
171 silly ADD node_modules/picomatch
172 silly ADD node_modules/readdirp
173 silly ADD node_modules/normalize-path
174 silly ADD node_modules/is-glob
175 silly ADD node_modules/is-binary-path
176 silly ADD node_modules/glob-parent
177 silly ADD
178 silly ADD node_modules/braces
179 silly ADD node_modules/anymatch
180 silly ADD node_modules/undefsafe
181 silly ADD node_modules/touch
182 silly ADD node_modules/supports-color
183 silly ADD node_modules/simple-update-notifier
184 silly ADD node_modules/pstree.remy
185 silly ADD node_modules/minimatch
186 silly ADD node_modules/ignore-by-default
187 silly ADD node_modules/chokidar
188 silly ADD node_modules/nodemon
189 silly ADD node_modules/nodemon/node_modules/ms
190 silly ADD node_modules/nodemon/node_modules/debug
191 verbose exit 0
192 info ok
